[[1;34mINFO[m] Scanning for projects...
[[1;33mWARNING[m] 
[[1;33mWARNING[m] Some problems were encountered while building the effective model for AliView:AliView:jar:1.28
[[1;33mWARNING[m] 'build.plugins.plugin.(groupId:artifactId)' must be unique but found duplicate declaration of plugin org.codehaus.mojo:truezip-maven-plugin @ line 254, column 14
[[1;33mWARNING[m] 
[[1;33mWARNING[m] It is highly recommended to fix these problems because they threaten the stability of your build.
[[1;33mWARNING[m] 
[[1;33mWARNING[m] For this reason, future Maven versions might no longer support building such malformed projects.
[[1;33mWARNING[m] 
[[1;34mINFO[m] 
[[1;34mINFO[m] [1m--------------------------< [0;36mAliView:AliView[0;1m >---------------------------[m
[[1;34mINFO[m] [1mBuilding AliView 1.28[m
[[1;34mINFO[m] [1m--------------------------------[ jar ]---------------------------------[m
[[1;34mINFO[m] 
[[1;34mINFO[m] [1m--- [0;32mmaven-clean-plugin:2.5:clean[m [1m(default-clean)[m @ [36mAliView[0;1m ---[m
[[1;34mINFO[m] Deleting /home/kim/bin/AliView/target
[[1;34mINFO[m] 
[[1;34mINFO[m] [1m--- [0;32mmaven-dependency-plugin:2.8:unpack-dependencies[m [1m(unpack-dependencies)[m @ [36mAliView[0;1m ---[m
[[1;34mINFO[m] Unpacking /home/kim/.m2/repository/com/yuvimasory/orange-extensions/1.3.0/orange-extensions-1.3.0.jar to /home/kim/bin/AliView/target/dependency with includes "" and excludes ""
[[1;34mINFO[m] Unpacking /home/kim/.m2/repository/commons-lang/commons-lang/2.6/commons-lang-2.6.jar to /home/kim/bin/AliView/target/dependency with includes "" and excludes ""
[[1;34mINFO[m] Unpacking /home/kim/.m2/repository/log4j/log4j/1.2.13/log4j-1.2.13.jar to /home/kim/bin/AliView/target/dependency with includes "" and excludes ""
[[1;34mINFO[m] Unpacking /home/kim/.m2/repository/junit/junit/4.13.2/junit-4.13.2.jar to /home/kim/bin/AliView/target/dependency with includes "" and excludes ""
[[1;34mINFO[m] Unpacking /home/kim/.m2/repository/org/hamcrest/hamcrest-core/1.3/hamcrest-core-1.3.jar to /home/kim/bin/AliView/target/dependency with includes "" and excludes ""
[[1;34mINFO[m] Unpacking /home/kim/.m2/repository/com/sun/activation/javax.activation/1.2.0/javax.activation-1.2.0.jar to /home/kim/bin/AliView/target/dependency with includes "" and excludes ""
[[1;34mINFO[m] Unpacking /home/kim/.m2/repository/commons-io/commons-io/2.2/commons-io-2.2.jar to /home/kim/bin/AliView/target/dependency with includes "" and excludes ""
[[1;34mINFO[m] Unpacking /home/kim/.m2/repository/jebl2/jebl/0.1/jebl-0.1.jar to /home/kim/bin/AliView/target/dependency with includes "" and excludes ""
[[1;34mINFO[m] 
[[1;34mINFO[m] [1m--- [0;32mmaven-resources-plugin:2.6:resources[m [1m(default-resources)[m @ [36mAliView[0;1m ---[m
[[1;34mINFO[m] Using 'UTF-8' encoding to copy filtered resources.
[[1;34mINFO[m] Copying 2 resources
[[1;34mINFO[m] Copying 59 resources
[[1;34mINFO[m] 
[[1;34mINFO[m] [1m--- [0;32mmaven-compiler-plugin:2.0.2:compile[m [1m(default-compile)[m @ [36mAliView[0;1m ---[m
[[1;34mINFO[m] Compiling 268 source files to /home/kim/bin/AliView/target/classes
[[1;34mINFO[m] 
[[1;34mINFO[m] [1m--- [0;32mmaven-dependency-plugin:2.8:unpack-dependencies[m [1m(unpack-dependencies)[m @ [36mAliView[0;1m ---[m
[[1;34mINFO[m] orange-extensions-1.3.0.jar already exists in destination.
[[1;34mINFO[m] commons-lang-2.6.jar already exists in destination.
[[1;34mINFO[m] log4j-1.2.13.jar already exists in destination.
[[1;34mINFO[m] junit-4.13.2.jar already exists in destination.
[[1;34mINFO[m] hamcrest-core-1.3.jar already exists in destination.
[[1;34mINFO[m] javax.activation-1.2.0.jar already exists in destination.
[[1;34mINFO[m] commons-io-2.2.jar already exists in destination.
[[1;34mINFO[m] jebl-0.1.jar already exists in destination.
[[1;34mINFO[m] 
[[1;34mINFO[m] [1m--- [0;32mmaven-resources-plugin:2.6:resources[m [1m(default-resources)[m @ [36mAliView[0;1m ---[m
[[1;34mINFO[m] Using 'UTF-8' encoding to copy filtered resources.
[[1;34mINFO[m] Copying 2 resources
[[1;34mINFO[m] Copying 59 resources
[[1;34mINFO[m] 
[[1;34mINFO[m] [1m--- [0;32mmaven-compiler-plugin:2.0.2:compile[m [1m(default-compile)[m @ [36mAliView[0;1m ---[m
[[1;34mINFO[m] Compiling 3 source files to /home/kim/bin/AliView/target/classes
[[1;34mINFO[m] 
[[1;34mINFO[m] [1m--- [0;32mmaven-resources-plugin:2.6:testResources[m [1m(default-testResources)[m @ [36mAliView[0;1m ---[m
[[1;34mINFO[m] Using 'UTF-8' encoding to copy filtered resources.
[[1;34mINFO[m] Copying 1 resource
[[1;34mINFO[m] 
[[1;34mINFO[m] [1m--- [0;32mmaven-compiler-plugin:2.0.2:testCompile[m [1m(default-testCompile)[m @ [36mAliView[0;1m ---[m
[[1;34mINFO[m] Compiling 2 source files to /home/kim/bin/AliView/target/test-classes
[[1;34mINFO[m] 
[[1;34mINFO[m] [1m--- [0;32mmaven-surefire-plugin:2.12.4:test[m [1m(default-test)[m @ [36mAliView[0;1m ---[m
[[1;34mINFO[m] Surefire report directory: /home/kim/bin/AliView/target/surefire-reports

-------------------------------------------------------
 T E S T S
-------------------------------------------------------
Running aliview.settings.SettingsTest
This is executed before each Test
This is exceuted after each Test
Tests run: 1, Failures: 0, Errors: 0, Skipped: 0, Time elapsed: 0.113 sec
Running aliview.AlignmentTest
INFO  2022-09-04 11:56:03,971 AliView               488 - activeWindow=null
INFO  2022-09-04 11:56:04,296 AlignmentFactory      50 - inside createNewAlignment
INFO  2022-09-04 11:56:04,297 SequencesFactory      66 - maxMem4.118806528E9
INFO  2022-09-04 11:56:04,298 SequencesFactory      67 - fileSize225865.0
INFO  2022-09-04 11:56:04,298 SequencesFactory      83 - memorySequences=true
INFO  2022-09-04 11:56:04,298 SequencesFactory      90 - memorySequence
INFO  2022-09-04 11:56:04,301 FileFormat            119 - firstLine>Woodsia_alpina_4x_F22_F89_F95_F147_F148_F149_F164_F271
INFO  2022-09-04 11:56:04,302 FileFormat            138 - check fileformat took 3 milliseconds, found:Fasta
reading sequences took 17 milliseconds
INFO  2022-09-04 11:56:04,322 AlignmentListModel    2149 - sequencesChanged
INFO  2022-09-04 11:56:04,323 CodonRanges           12 - new
INFO  2022-09-04 11:56:04,324 Ranges                44 - add=start=0 end=2147482647 startVal=1
INFO  2022-09-04 11:56:04,324 Ranges                163 - range.toString() count =0 start=0 end=2147482647 startVal=1
INFO  2022-09-04 11:56:04,325 AlignmentFactory      61 - sequences.getLongestSequenceLength()6412
INFO  2022-09-04 11:56:04,326 MemoryUtils           34 - getMaxMemMB()3928
INFO  2022-09-04 11:56:04,327 MemoryUtils           35 - getTotalMemMB()248
INFO  2022-09-04 11:56:04,327 MemoryUtils           36 - getFreeMemMB()228
INFO  2022-09-04 11:56:04,327 MemoryUtils           37 - getUsedMemMB()19
INFO  2022-09-04 11:56:04,330 MemoryUtils           34 - getMaxMemMB()3928
INFO  2022-09-04 11:56:04,330 MemoryUtils           35 - getTotalMemMB()248
INFO  2022-09-04 11:56:04,330 MemoryUtils           36 - getFreeMemMB()228
INFO  2022-09-04 11:56:04,330 MemoryUtils           37 - getUsedMemMB()19
Importing sequences took 35 milliseconds
INFO  2022-09-04 11:56:04,381 Settings              677 - 20
INFO  2022-09-04 11:56:04,381 Settings              681 - n0
INFO  2022-09-04 11:56:04,382 Settings              681 - n1
INFO  2022-09-04 11:56:04,382 Settings              681 - n2
INFO  2022-09-04 11:56:04,382 Settings              681 - n3
INFO  2022-09-04 11:56:04,383 Settings              681 - n4
INFO  2022-09-04 11:56:04,383 Settings              681 - n5
INFO  2022-09-04 11:56:04,383 Settings              681 - n6
INFO  2022-09-04 11:56:04,383 Settings              681 - n7
INFO  2022-09-04 11:56:04,384 Settings              681 - n8
INFO  2022-09-04 11:56:04,384 Settings              681 - n9
INFO  2022-09-04 11:56:04,384 Settings              681 - n10
INFO  2022-09-04 11:56:04,384 Settings              681 - n11
INFO  2022-09-04 11:56:04,385 Settings              681 - n12
INFO  2022-09-04 11:56:04,385 Settings              681 - n13
INFO  2022-09-04 11:56:04,385 Settings              681 - n14
INFO  2022-09-04 11:56:04,385 Settings              681 - n15
INFO  2022-09-04 11:56:04,385 Settings              681 - n16
INFO  2022-09-04 11:56:04,385 Settings              681 - n17
INFO  2022-09-04 11:56:04,386 Settings              681 - n18
INFO  2022-09-04 11:56:04,386 Settings              681 - n19
INFO  2022-09-04 11:56:04,386 Settings              687 - n0
INFO  2022-09-04 11:56:04,386 Settings              687 - n1
INFO  2022-09-04 11:56:04,386 Settings              687 - n2
INFO  2022-09-04 11:56:04,386 Settings              687 - n3
INFO  2022-09-04 11:56:04,387 Settings              687 - n4
INFO  2022-09-04 11:56:04,392 Settings              687 - n5
INFO  2022-09-04 11:56:04,393 Settings              687 - n6
INFO  2022-09-04 11:56:04,393 Settings              687 - n7
INFO  2022-09-04 11:56:04,394 Settings              687 - n8
INFO  2022-09-04 11:56:04,394 Settings              687 - n9
INFO  2022-09-04 11:56:04,394 Settings              687 - n10
INFO  2022-09-04 11:56:04,394 Settings              687 - n11
INFO  2022-09-04 11:56:04,394 Settings              687 - n12
INFO  2022-09-04 11:56:04,394 Settings              687 - n13
INFO  2022-09-04 11:56:04,394 Settings              687 - n14
INFO  2022-09-04 11:56:04,395 Settings              687 - n15
INFO  2022-09-04 11:56:04,395 Settings              687 - n16
INFO  2022-09-04 11:56:04,395 Settings              687 - n17
INFO  2022-09-04 11:56:04,395 Settings              687 - n18
INFO  2022-09-04 11:56:04,395 Settings              687 - n19
DEBUG 2022-09-04 11:56:04,419 AppIcons              138 - iconjavax.swing.ImageIcon@217ed35e
INFO  2022-09-04 11:56:04,419 AliViewWindow         421 - inside init()
INFO  2022-09-04 11:56:04,420 AliViewWindow         441 - here
INFO  2022-09-04 11:56:04,422 OSNativeUtils         153 - javaVersion11.0.16
INFO  2022-09-04 11:56:04,423 OSNativeUtils         178 - java_version=11.16
INFO  2022-09-04 11:56:04,464 AlignmentPane         390 - tracking0.4
INFO  2022-09-04 11:56:04,464 AlignmentPane         414 - tracking0.4
INFO  2022-09-04 11:56:04,465 AlignmentPane         276 - charFont10
INFO  2022-09-04 11:56:04,465 AlignmentPane         277 - charPixWidth10
INFO  2022-09-04 11:56:04,511 AlignmentPane         364 - Creating charPixContainers took 46 milliseconds
INFO  2022-09-04 11:56:04,512 AlignmentPane         124 - highDPIScaleFactor1
INFO  2022-09-04 11:56:04,529 AliViewWindow         472 - alignmentPane.isDoubleBuffered()true
INFO  2022-09-04 11:56:04,536 SequenceJList         27 - Create MyDT
INFO  2022-09-04 11:56:04,537 AlignmentListModel    1454 - getLongestSequenceName took 0 milliseconds
INFO  2022-09-04 11:56:04,540 AlignmentPane         1672 - get pref size
INFO  2022-09-04 11:56:04,547 StatusPanel           191 - java.awt.Dimension[width=33776,height=18]
INFO  2022-09-04 11:56:04,552 StatusPanel           201 - java.awt.Dimension[width=34014,height=18]
INFO  2022-09-04 11:56:04,553 AlignmentSelectionModel  352 - hasSelection false 0 milliseconds
INFO  2022-09-04 11:56:04,554 AliViewWindow         614 - middle of GUI
INFO  2022-09-04 11:56:04,554 Alignment             1642 - pos == null
INFO  2022-09-04 11:56:04,556 StatusPanel           277 - Update selection from thread done
DEBUG 2022-09-04 11:56:04,558 AliViewJMenuBar       118 - create menubar
INFO  2022-09-04 11:56:04,563 AliViewJMenuBar       1755 - rebuildRecentFilesSubmenu()
INFO  2022-09-04 11:56:04,579 AlignmentListModel    413 - gapCount=0
INFO  2022-09-04 11:56:04,580 AlignmentListModel    414 - nucleotideCount=1000
INFO  2022-09-04 11:56:04,580 AlignmentListModel    415 - otherCount=0
INFO  2022-09-04 11:56:04,599 AliViewWindow         619 - done create menubar
INFO  2022-09-04 11:56:04,602 AlignmentPane         276 - charFont10
INFO  2022-09-04 11:56:04,603 AlignmentPane         277 - charPixWidth10
INFO  2022-09-04 11:56:04,621 AlignmentPane         364 - Creating charPixContainers took 19 milliseconds
INFO  2022-09-04 11:56:04,629 AlignmentPane         276 - charFont10
INFO  2022-09-04 11:56:04,630 AlignmentPane         277 - charPixWidth10
INFO  2022-09-04 11:56:04,645 AlignmentPane         364 - Creating charPixContainers took 16 milliseconds
INFO  2022-09-04 11:56:04,682 AliViewJMenuBar       1774 - rebuildSelectCharsetsSubmenu()utils.nexus.CharSets@673fdbce
INFO  2022-09-04 11:56:04,684 AlignmentPane         276 - charFont10
INFO  2022-09-04 11:56:04,685 AlignmentPane         277 - charPixWidth10
INFO  2022-09-04 11:56:04,701 AlignmentPane         364 - Creating charPixContainers took 17 milliseconds
INFO  2022-09-04 11:56:04,707 AlignmentPane         276 - charFont10
INFO  2022-09-04 11:56:04,707 AlignmentPane         277 - charPixWidth10
INFO  2022-09-04 11:56:04,723 AlignmentPane         364 - Creating charPixContainers took 16 milliseconds
INFO  2022-09-04 11:56:04,727 AliViewJMenuBar       1879 - alignment.isAAAlignment()false
INFO  2022-09-04 11:56:04,727 AliViewJMenuBar       1880 - alignment.isNucleotideAlignment()true
INFO  2022-09-04 11:56:04,727 AliViewJMenuBar       1889 - editFunctionstrue
INFO  2022-09-04 11:56:04,728 AlignmentSelectionModel  352 - hasSelection false 0 milliseconds
INFO  2022-09-04 11:56:04,728 AlignmentPane         276 - charFont10
INFO  2022-09-04 11:56:04,728 AlignmentPane         277 - charPixWidth10
INFO  2022-09-04 11:56:04,745 AlignmentPane         364 - Creating charPixContainers took 17 milliseconds
INFO  2022-09-04 11:56:04,747 AliViewWindow         685 - init() finished
DEBUG 2022-09-04 11:56:04,747 AliView               642 - Inside placeWithinDesktop
INFO  2022-09-04 11:56:04,772 AlignmentPane         1672 - get pref size
INFO  2022-09-04 11:56:04,772 ListTopOffsetJPanel   29 - java.awt.Dimension[width=100,height=25]
INFO  2022-09-04 11:56:04,774 AlignmentPane         1672 - get pref size
INFO  2022-09-04 11:56:04,774 AlignmentPane         1672 - get pref size
This is executed before each Test
This is exceuted after each Test
This is executed before each Test
INFO  2022-09-04 11:56:04,789 ListTopOffsetJPanel   29 - java.awt.Dimension[width=100,height=25]
INFO  2022-09-04 11:56:04,811 AlignmentPane         1712 - maxCharsetOverlapCount0
INFO  2022-09-04 11:56:04,811 AlignmentPane         1748 - CharsetRuler PaintComponent took 0 milliseconds
INFO  2022-09-04 11:56:04,814 AlignmentPane         1637 - Ruler PaintComponent took 3 milliseconds
This is exceuted after each Test
Tests run: 2, Failures: 0, Errors: 0, Skipped: 0, Time elapsed: 0.845 sec
INFO  2022-09-04 11:56:04,816 AlignmentPane         678 - Runtime.getRuntime().availableProcessors()8

Results :

Tests run: 3, Failures: 0, Errors: 0, Skipped: 0

[[1;34mINFO[m] 
[[1;34mINFO[m] [1m--- [0;32mmaven-jar-plugin:2.4:jar[m [1m(default-jar)[m @ [36mAliView[0;1m ---[m
[[1;34mINFO[m] Building jar: /home/kim/bin/AliView/target/AliView-1.28.jar
[[1;34mINFO[m] 
[[1;34mINFO[m] [1m--- [0;32mmaven-assembly-plugin:2.2-beta-5:single[m [1m(build-jar-to-use-in-win)[m @ [36mAliView[0;1m ---[m
[[1;34mINFO[m] META-INF/ already added, skipping
[[1;34mINFO[m] META-INF/MANIFEST.MF already added, skipping
[[1;34mINFO[m] org/ already added, skipping
[[1;34mINFO[m] org/apache/ already added, skipping
[[1;34mINFO[m] META-INF/ already added, skipping
[[1;34mINFO[m] META-INF/MANIFEST.MF already added, skipping
[[1;34mINFO[m] org/ already added, skipping
[[1;34mINFO[m] org/apache/ already added, skipping
[[1;34mINFO[m] org/apache/commons/ already added, skipping
[[1;34mINFO[m] META-INF/LICENSE.txt already added, skipping
[[1;34mINFO[m] META-INF/NOTICE.txt already added, skipping
[[1;34mINFO[m] META-INF/maven/ already added, skipping
[[1;34mINFO[m] META-INF/ already added, skipping
[[1;34mINFO[m] META-INF/MANIFEST.MF already added, skipping
[[1;34mINFO[m] org/ already added, skipping
[[1;34mINFO[m] META-INF/ already added, skipping
[[1;34mINFO[m] META-INF/MANIFEST.MF already added, skipping
[[1;34mINFO[m] META-INF/LICENSE.txt already added, skipping
[[1;34mINFO[m] META-INF/maven/ already added, skipping
[[1;34mINFO[m] Building jar: /home/kim/bin/AliView/target/windows-version-1.28/aliview.jar
[[1;34mINFO[m] META-INF/ already added, skipping
[[1;34mINFO[m] META-INF/MANIFEST.MF already added, skipping
[[1;34mINFO[m] org/ already added, skipping
[[1;34mINFO[m] org/apache/ already added, skipping
[[1;34mINFO[m] META-INF/ already added, skipping
[[1;34mINFO[m] META-INF/MANIFEST.MF already added, skipping
[[1;34mINFO[m] org/ already added, skipping
[[1;34mINFO[m] org/apache/ already added, skipping
[[1;34mINFO[m] org/apache/commons/ already added, skipping
[[1;34mINFO[m] META-INF/LICENSE.txt already added, skipping
[[1;34mINFO[m] META-INF/NOTICE.txt already added, skipping
[[1;34mINFO[m] META-INF/maven/ already added, skipping
[[1;34mINFO[m] META-INF/ already added, skipping
[[1;34mINFO[m] META-INF/MANIFEST.MF already added, skipping
[[1;34mINFO[m] org/ already added, skipping
[[1;34mINFO[m] META-INF/ already added, skipping
[[1;34mINFO[m] META-INF/MANIFEST.MF already added, skipping
[[1;34mINFO[m] META-INF/LICENSE.txt already added, skipping
[[1;34mINFO[m] META-INF/maven/ already added, skipping
[[1;33mWARNING[m] Configuration options: 'appendAssemblyId' is set to false, and 'classifier' is missing.
Instead of attaching the assembly file: /home/kim/bin/AliView/target/windows-version-1.28/aliview.jar, it will become the file for main project artifact.
NOTE: If multiple descriptors or descriptor-formats are provided for this project, the value of this file will be non-deterministic!
[[1;33mWARNING[m] Replacing pre-existing project main-artifact file: /home/kim/bin/AliView/target/AliView-1.28.jar
with assembly file: /home/kim/bin/AliView/target/windows-version-1.28/aliview.jar
[[1;34mINFO[m] 
[[1;34mINFO[m] [1m--- [0;32mmaven-assembly-plugin:2.2-beta-5:single[m [1m(build-jar-to-use-for-linux)[m @ [36mAliView[0;1m ---[m
[[1;34mINFO[m] META-INF/ already added, skipping
[[1;34mINFO[m] META-INF/MANIFEST.MF already added, skipping
[[1;34mINFO[m] org/ already added, skipping
[[1;34mINFO[m] org/apache/ already added, skipping
[[1;34mINFO[m] META-INF/ already added, skipping
[[1;34mINFO[m] META-INF/MANIFEST.MF already added, skipping
[[1;34mINFO[m] org/ already added, skipping
[[1;34mINFO[m] org/apache/ already added, skipping
[[1;34mINFO[m] org/apache/commons/ already added, skipping
[[1;34mINFO[m] META-INF/LICENSE.txt already added, skipping
[[1;34mINFO[m] META-INF/NOTICE.txt already added, skipping
[[1;34mINFO[m] META-INF/maven/ already added, skipping
[[1;34mINFO[m] META-INF/ already added, skipping
[[1;34mINFO[m] META-INF/MANIFEST.MF already added, skipping
[[1;34mINFO[m] org/ already added, skipping
[[1;34mINFO[m] META-INF/ already added, skipping
[[1;34mINFO[m] META-INF/MANIFEST.MF already added, skipping
[[1;34mINFO[m] META-INF/LICENSE.txt already added, skipping
[[1;34mINFO[m] META-INF/maven/ already added, skipping
[[1;34mINFO[m] Building jar: /home/kim/bin/AliView/target/linux-version-1.28/aliview/aliview.jar
[[1;34mINFO[m] META-INF/ already added, skipping
[[1;34mINFO[m] META-INF/MANIFEST.MF already added, skipping
[[1;34mINFO[m] org/ already added, skipping
[[1;34mINFO[m] org/apache/ already added, skipping
[[1;34mINFO[m] META-INF/ already added, skipping
[[1;34mINFO[m] META-INF/MANIFEST.MF already added, skipping
[[1;34mINFO[m] org/ already added, skipping
[[1;34mINFO[m] org/apache/ already added, skipping
[[1;34mINFO[m] org/apache/commons/ already added, skipping
[[1;34mINFO[m] META-INF/LICENSE.txt already added, skipping
[[1;34mINFO[m] META-INF/NOTICE.txt already added, skipping
[[1;34mINFO[m] META-INF/maven/ already added, skipping
[[1;34mINFO[m] META-INF/ already added, skipping
[[1;34mINFO[m] META-INF/MANIFEST.MF already added, skipping
[[1;34mINFO[m] org/ already added, skipping
[[1;34mINFO[m] META-INF/ already added, skipping
[[1;34mINFO[m] META-INF/MANIFEST.MF already added, skipping
[[1;34mINFO[m] META-INF/LICENSE.txt already added, skipping
[[1;34mINFO[m] META-INF/maven/ already added, skipping
[[1;33mWARNING[m] Configuration options: 'appendAssemblyId' is set to false, and 'classifier' is missing.
Instead of attaching the assembly file: /home/kim/bin/AliView/target/linux-version-1.28/aliview/aliview.jar, it will become the file for main project artifact.
NOTE: If multiple descriptors or descriptor-formats are provided for this project, the value of this file will be non-deterministic!
[[1;33mWARNING[m] Replacing pre-existing project main-artifact file: /home/kim/bin/AliView/target/windows-version-1.28/aliview.jar
with assembly file: /home/kim/bin/AliView/target/linux-version-1.28/aliview/aliview.jar
[[1;34mINFO[m] 
[[1;34mINFO[m] [1m--- [0;32mmaven-assembly-plugin:2.2-beta-5:single[m [1m(build-jar-to-use-for-mac)[m @ [36mAliView[0;1m ---[m
[[1;34mINFO[m] META-INF/ already added, skipping
[[1;34mINFO[m] META-INF/MANIFEST.MF already added, skipping
[[1;34mINFO[m] org/ already added, skipping
[[1;34mINFO[m] org/apache/ already added, skipping
[[1;34mINFO[m] META-INF/ already added, skipping
[[1;34mINFO[m] META-INF/MANIFEST.MF already added, skipping
[[1;34mINFO[m] org/ already added, skipping
[[1;34mINFO[m] org/apache/ already added, skipping
[[1;34mINFO[m] org/apache/commons/ already added, skipping
[[1;34mINFO[m] META-INF/LICENSE.txt already added, skipping
[[1;34mINFO[m] META-INF/NOTICE.txt already added, skipping
[[1;34mINFO[m] META-INF/maven/ already added, skipping
[[1;34mINFO[m] META-INF/ already added, skipping
[[1;34mINFO[m] META-INF/MANIFEST.MF already added, skipping
[[1;34mINFO[m] org/ already added, skipping
[[1;34mINFO[m] META-INF/ already added, skipping
[[1;34mINFO[m] META-INF/MANIFEST.MF already added, skipping
[[1;34mINFO[m] META-INF/LICENSE.txt already added, skipping
[[1;34mINFO[m] META-INF/maven/ already added, skipping
[[1;34mINFO[m] Building jar: /home/kim/bin/AliView/target/aliview.jar
[[1;34mINFO[m] META-INF/ already added, skipping
[[1;34mINFO[m] META-INF/MANIFEST.MF already added, skipping
[[1;34mINFO[m] org/ already added, skipping
[[1;34mINFO[m] org/apache/ already added, skipping
[[1;34mINFO[m] META-INF/ already added, skipping
[[1;34mINFO[m] META-INF/MANIFEST.MF already added, skipping
[[1;34mINFO[m] org/ already added, skipping
[[1;34mINFO[m] org/apache/ already added, skipping
[[1;34mINFO[m] org/apache/commons/ already added, skipping
[[1;34mINFO[m] META-INF/LICENSE.txt already added, skipping
[[1;34mINFO[m] META-INF/NOTICE.txt already added, skipping
[[1;34mINFO[m] META-INF/maven/ already added, skipping
[[1;34mINFO[m] META-INF/ already added, skipping
[[1;34mINFO[m] META-INF/MANIFEST.MF already added, skipping
[[1;34mINFO[m] org/ already added, skipping
[[1;34mINFO[m] META-INF/ already added, skipping
[[1;34mINFO[m] META-INF/MANIFEST.MF already added, skipping
[[1;34mINFO[m] META-INF/LICENSE.txt already added, skipping
[[1;34mINFO[m] META-INF/maven/ already added, skipping
[[1;33mWARNING[m] Configuration options: 'appendAssemblyId' is set to false, and 'classifier' is missing.
Instead of attaching the assembly file: /home/kim/bin/AliView/target/aliview.jar, it will become the file for main project artifact.
NOTE: If multiple descriptors or descriptor-formats are provided for this project, the value of this file will be non-deterministic!
[[1;33mWARNING[m] Replacing pre-existing project main-artifact file: /home/kim/bin/AliView/target/linux-version-1.28/aliview/aliview.jar
with assembly file: /home/kim/bin/AliView/target/aliview.jar
[[1;34mINFO[m] 
[[1;34mINFO[m] [1m--- [0;32mtruezip-maven-plugin:1.2:remove[m [1m(remove-a-file-in-windows-version)[m @ [36mAliView[0;1m ---[m
[[1;34mINFO[m] 
[[1;34mINFO[m] [1m--- [0;32mtruezip-maven-plugin:1.2:remove[m [1m(remove-a-file-in-sub-archive-mac)[m @ [36mAliView[0;1m ---[m
[[1;34mINFO[m] 
[[1;34mINFO[m] [1m--- [0;32mtruezip-maven-plugin:1.2:remove[m [1m(remove-a-file-in-sub-archive-linux)[m @ [36mAliView[0;1m ---[m
[[1;34mINFO[m] 
[[1;34mINFO[m] [1m--- [0;32mtruezip-maven-plugin:1.2:copy[m [1m(add-splash-image-mac-version)[m @ [36mAliView[0;1m ---[m
[[1;34mINFO[m] 
[[1;34mINFO[m] [1m--- [0;32mosxappbundle-maven-plugin:1.0-alpha-2:bundle[m [1m(default)[m @ [36mAliView[0;1m ---[m
[[1;34mINFO[m] Setting property: classpath.resource.loader.class => 'org.apache.velocity.runtime.resource.loader.ClasspathResourceLoader'.
[[1;34mINFO[m] Setting property: file.resource.loader.path => ''.
[[1;34mINFO[m] Setting property: file.resource.loader.class => 'org.apache.velocity.runtime.resource.loader.FileResourceLoader'.
[[1;34mINFO[m] Setting property: resource.loader => 'file,classpath'.
[[1;34mINFO[m] Building zip: /home/kim/bin/AliView/target/AliView-1.28-app.zip
[[1;34mINFO[m] 
[[1;34mINFO[m] [1m--- [0;32mmaven-install-plugin:2.4:install[m [1m(default-install)[m @ [36mAliView[0;1m ---[m
[[1;34mINFO[m] Installing /home/kim/bin/AliView/target/aliview.jar to /home/kim/.m2/repository/AliView/AliView/1.28/AliView-1.28.jar
[[1;34mINFO[m] Installing /home/kim/bin/AliView/pom.xml to /home/kim/.m2/repository/AliView/AliView/1.28/AliView-1.28.pom
[[1;34mINFO[m] Installing /home/kim/bin/AliView/target/AliView-1.28-app.zip to /home/kim/.m2/repository/AliView/AliView/1.28/AliView-1.28.zip
[[1;34mINFO[m] 
[[1;34mINFO[m] [1m--- [0;32mtruezip-maven-plugin:1.2:remove[m [1m(remove-jar-files-from-osx-bundle-since-they-are-unpacked-in-ailiview-jar-already)[m @ [36mAliView[0;1m ---[m
[[1;34mINFO[m] 
[[1;34mINFO[m] [1m--- [0;32mmaven-dependency-plugin:2.8:unpack-dependencies[m [1m(unpack-dependencies)[m @ [36mAliView[0;1m ---[m
[[1;34mINFO[m] orange-extensions-1.3.0.jar already exists in destination.
[[1;34mINFO[m] commons-lang-2.6.jar already exists in destination.
[[1;34mINFO[m] log4j-1.2.13.jar already exists in destination.
[[1;34mINFO[m] junit-4.13.2.jar already exists in destination.
[[1;34mINFO[m] hamcrest-core-1.3.jar already exists in destination.
[[1;34mINFO[m] javax.activation-1.2.0.jar already exists in destination.
[[1;34mINFO[m] commons-io-2.2.jar already exists in destination.
[[1;34mINFO[m] jebl-0.1.jar already exists in destination.
[[1;34mINFO[m] 
[[1;34mINFO[m] [1m--- [0;32mmaven-resources-plugin:2.6:resources[m [1m(default-resources)[m @ [36mAliView[0;1m ---[m
[[1;34mINFO[m] Using 'UTF-8' encoding to copy filtered resources.
[[1;34mINFO[m] Copying 2 resources
[[1;34mINFO[m] Copying 59 resources
[[1;34mINFO[m] 
[[1;34mINFO[m] [1m--- [0;32mmaven-compiler-plugin:2.0.2:compile[m [1m(default-compile)[m @ [36mAliView[0;1m ---[m
[[1;34mINFO[m] Compiling 3 source files to /home/kim/bin/AliView/target/classes
[[1;34mINFO[m] 
[[1;34mINFO[m] [1m--- [0;32mmaven-resources-plugin:2.6:testResources[m [1m(default-testResources)[m @ [36mAliView[0;1m ---[m
[[1;34mINFO[m] Using 'UTF-8' encoding to copy filtered resources.
[[1;34mINFO[m] Copying 1 resource
[[1;34mINFO[m] 
[[1;34mINFO[m] [1m--- [0;32mmaven-compiler-plugin:2.0.2:testCompile[m [1m(default-testCompile)[m @ [36mAliView[0;1m ---[m
[[1;34mINFO[m] Nothing to compile - all classes are up to date
[[1;34mINFO[m] 
[[1;34mINFO[m] [1m--- [0;32mmaven-surefire-plugin:2.12.4:test[m [1m(default-test)[m @ [36mAliView[0;1m ---[m
[[1;34mINFO[m] Skipping execution of surefire because it has already been run for this configuration
[[1;34mINFO[m] 
[[1;34mINFO[m] [1m--- [0;32mmaven-jar-plugin:2.4:jar[m [1m(default-jar)[m @ [36mAliView[0;1m ---[m
[[1;34mINFO[m] Building jar: /home/kim/bin/AliView/target/AliView-1.28.jar
[[1;34mINFO[m] 
[[1;34mINFO[m] [1m--- [0;32mmaven-assembly-plugin:2.2-beta-5:single[m [1m(build-jar-to-use-in-win)[m @ [36mAliView[0;1m ---[m
[[1;34mINFO[m] META-INF/ already added, skipping
[[1;34mINFO[m] META-INF/MANIFEST.MF already added, skipping
[[1;34mINFO[m] org/ already added, skipping
[[1;34mINFO[m] org/apache/ already added, skipping
[[1;34mINFO[m] META-INF/ already added, skipping
[[1;34mINFO[m] META-INF/MANIFEST.MF already added, skipping
[[1;34mINFO[m] org/ already added, skipping
[[1;34mINFO[m] org/apache/ already added, skipping
[[1;34mINFO[m] org/apache/commons/ already added, skipping
[[1;34mINFO[m] META-INF/LICENSE.txt already added, skipping
[[1;34mINFO[m] META-INF/NOTICE.txt already added, skipping
[[1;34mINFO[m] META-INF/maven/ already added, skipping
[[1;34mINFO[m] META-INF/ already added, skipping
[[1;34mINFO[m] META-INF/MANIFEST.MF already added, skipping
[[1;34mINFO[m] org/ already added, skipping
[[1;34mINFO[m] META-INF/ already added, skipping
[[1;34mINFO[m] META-INF/MANIFEST.MF already added, skipping
[[1;34mINFO[m] META-INF/LICENSE.txt already added, skipping
[[1;34mINFO[m] META-INF/maven/ already added, skipping
[[1;34mINFO[m] Building jar: /home/kim/bin/AliView/target/windows-version-1.28/aliview.jar
[[1;34mINFO[m] META-INF/ already added, skipping
[[1;34mINFO[m] META-INF/MANIFEST.MF already added, skipping
[[1;34mINFO[m] org/ already added, skipping
[[1;34mINFO[m] org/apache/ already added, skipping
[[1;34mINFO[m] META-INF/ already added, skipping
[[1;34mINFO[m] META-INF/MANIFEST.MF already added, skipping
[[1;34mINFO[m] org/ already added, skipping
[[1;34mINFO[m] org/apache/ already added, skipping
[[1;34mINFO[m] org/apache/commons/ already added, skipping
[[1;34mINFO[m] META-INF/LICENSE.txt already added, skipping
[[1;34mINFO[m] META-INF/NOTICE.txt already added, skipping
[[1;34mINFO[m] META-INF/maven/ already added, skipping
[[1;34mINFO[m] META-INF/ already added, skipping
[[1;34mINFO[m] META-INF/MANIFEST.MF already added, skipping
[[1;34mINFO[m] org/ already added, skipping
[[1;34mINFO[m] META-INF/ already added, skipping
[[1;34mINFO[m] META-INF/MANIFEST.MF already added, skipping
[[1;34mINFO[m] META-INF/LICENSE.txt already added, skipping
[[1;34mINFO[m] META-INF/maven/ already added, skipping
[[1;33mWARNING[m] Configuration options: 'appendAssemblyId' is set to false, and 'classifier' is missing.
Instead of attaching the assembly file: /home/kim/bin/AliView/target/windows-version-1.28/aliview.jar, it will become the file for main project artifact.
NOTE: If multiple descriptors or descriptor-formats are provided for this project, the value of this file will be non-deterministic!
[[1;33mWARNING[m] Replacing pre-existing project main-artifact file: /home/kim/bin/AliView/target/AliView-1.28.jar
with assembly file: /home/kim/bin/AliView/target/windows-version-1.28/aliview.jar
[[1;34mINFO[m] 
[[1;34mINFO[m] [1m--- [0;32mmaven-assembly-plugin:2.2-beta-5:single[m [1m(build-jar-to-use-for-linux)[m @ [36mAliView[0;1m ---[m
[[1;34mINFO[m] META-INF/ already added, skipping
[[1;34mINFO[m] META-INF/MANIFEST.MF already added, skipping
[[1;34mINFO[m] org/ already added, skipping
[[1;34mINFO[m] org/apache/ already added, skipping
[[1;34mINFO[m] META-INF/ already added, skipping
[[1;34mINFO[m] META-INF/MANIFEST.MF already added, skipping
[[1;34mINFO[m] org/ already added, skipping
[[1;34mINFO[m] org/apache/ already added, skipping
[[1;34mINFO[m] org/apache/commons/ already added, skipping
[[1;34mINFO[m] META-INF/LICENSE.txt already added, skipping
[[1;34mINFO[m] META-INF/NOTICE.txt already added, skipping
[[1;34mINFO[m] META-INF/maven/ already added, skipping
[[1;34mINFO[m] META-INF/ already added, skipping
[[1;34mINFO[m] META-INF/MANIFEST.MF already added, skipping
[[1;34mINFO[m] org/ already added, skipping
[[1;34mINFO[m] META-INF/ already added, skipping
[[1;34mINFO[m] META-INF/MANIFEST.MF already added, skipping
[[1;34mINFO[m] META-INF/LICENSE.txt already added, skipping
[[1;34mINFO[m] META-INF/maven/ already added, skipping
[[1;34mINFO[m] Building jar: /home/kim/bin/AliView/target/linux-version-1.28/aliview/aliview.jar
[[1;34mINFO[m] META-INF/ already added, skipping
[[1;34mINFO[m] META-INF/MANIFEST.MF already added, skipping
[[1;34mINFO[m] org/ already added, skipping
[[1;34mINFO[m] org/apache/ already added, skipping
[[1;34mINFO[m] META-INF/ already added, skipping
[[1;34mINFO[m] META-INF/MANIFEST.MF already added, skipping
[[1;34mINFO[m] org/ already added, skipping
[[1;34mINFO[m] org/apache/ already added, skipping
[[1;34mINFO[m] org/apache/commons/ already added, skipping
[[1;34mINFO[m] META-INF/LICENSE.txt already added, skipping
[[1;34mINFO[m] META-INF/NOTICE.txt already added, skipping
[[1;34mINFO[m] META-INF/maven/ already added, skipping
[[1;34mINFO[m] META-INF/ already added, skipping
[[1;34mINFO[m] META-INF/MANIFEST.MF already added, skipping
[[1;34mINFO[m] org/ already added, skipping
[[1;34mINFO[m] META-INF/ already added, skipping
[[1;34mINFO[m] META-INF/MANIFEST.MF already added, skipping
[[1;34mINFO[m] META-INF/LICENSE.txt already added, skipping
[[1;34mINFO[m] META-INF/maven/ already added, skipping
[[1;33mWARNING[m] Configuration options: 'appendAssemblyId' is set to false, and 'classifier' is missing.
Instead of attaching the assembly file: /home/kim/bin/AliView/target/linux-version-1.28/aliview/aliview.jar, it will become the file for main project artifact.
NOTE: If multiple descriptors or descriptor-formats are provided for this project, the value of this file will be non-deterministic!
[[1;33mWARNING[m] Replacing pre-existing project main-artifact file: /home/kim/bin/AliView/target/windows-version-1.28/aliview.jar
with assembly file: /home/kim/bin/AliView/target/linux-version-1.28/aliview/aliview.jar
[[1;34mINFO[m] 
[[1;34mINFO[m] [1m--- [0;32mmaven-assembly-plugin:2.2-beta-5:single[m [1m(build-jar-to-use-for-mac)[m @ [36mAliView[0;1m ---[m
[[1;34mINFO[m] META-INF/ already added, skipping
[[1;34mINFO[m] META-INF/MANIFEST.MF already added, skipping
[[1;34mINFO[m] org/ already added, skipping
[[1;34mINFO[m] org/apache/ already added, skipping
[[1;34mINFO[m] META-INF/ already added, skipping
[[1;34mINFO[m] META-INF/MANIFEST.MF already added, skipping
[[1;34mINFO[m] org/ already added, skipping
[[1;34mINFO[m] org/apache/ already added, skipping
[[1;34mINFO[m] org/apache/commons/ already added, skipping
[[1;34mINFO[m] META-INF/LICENSE.txt already added, skipping
[[1;34mINFO[m] META-INF/NOTICE.txt already added, skipping
[[1;34mINFO[m] META-INF/maven/ already added, skipping
[[1;34mINFO[m] META-INF/ already added, skipping
[[1;34mINFO[m] META-INF/MANIFEST.MF already added, skipping
[[1;34mINFO[m] org/ already added, skipping
[[1;34mINFO[m] META-INF/ already added, skipping
[[1;34mINFO[m] META-INF/MANIFEST.MF already added, skipping
[[1;34mINFO[m] META-INF/LICENSE.txt already added, skipping
[[1;34mINFO[m] META-INF/maven/ already added, skipping
[[1;34mINFO[m] Building jar: /home/kim/bin/AliView/target/aliview.jar
[[1;34mINFO[m] META-INF/ already added, skipping
[[1;34mINFO[m] META-INF/MANIFEST.MF already added, skipping
[[1;34mINFO[m] org/ already added, skipping
[[1;34mINFO[m] org/apache/ already added, skipping
[[1;34mINFO[m] META-INF/ already added, skipping
[[1;34mINFO[m] META-INF/MANIFEST.MF already added, skipping
[[1;34mINFO[m] org/ already added, skipping
[[1;34mINFO[m] org/apache/ already added, skipping
[[1;34mINFO[m] org/apache/commons/ already added, skipping
[[1;34mINFO[m] META-INF/LICENSE.txt already added, skipping
[[1;34mINFO[m] META-INF/NOTICE.txt already added, skipping
[[1;34mINFO[m] META-INF/maven/ already added, skipping
[[1;34mINFO[m] META-INF/ already added, skipping
[[1;34mINFO[m] META-INF/MANIFEST.MF already added, skipping
[[1;34mINFO[m] org/ already added, skipping
[[1;34mINFO[m] META-INF/ already added, skipping
[[1;34mINFO[m] META-INF/MANIFEST.MF already added, skipping
[[1;34mINFO[m] META-INF/LICENSE.txt already added, skipping
[[1;34mINFO[m] META-INF/maven/ already added, skipping
[[1;33mWARNING[m] Configuration options: 'appendAssemblyId' is set to false, and 'classifier' is missing.
Instead of attaching the assembly file: /home/kim/bin/AliView/target/aliview.jar, it will become the file for main project artifact.
NOTE: If multiple descriptors or descriptor-formats are provided for this project, the value of this file will be non-deterministic!
[[1;33mWARNING[m] Replacing pre-existing project main-artifact file: /home/kim/bin/AliView/target/linux-version-1.28/aliview/aliview.jar
with assembly file: /home/kim/bin/AliView/target/aliview.jar
[[1;34mINFO[m] 
[[1;34mINFO[m] [1m--- [0;32mtruezip-maven-plugin:1.2:remove[m [1m(remove-a-file-in-windows-version)[m @ [36mAliView[0;1m ---[m
[[1;34mINFO[m] 
[[1;34mINFO[m] [1m--- [0;32mtruezip-maven-plugin:1.2:remove[m [1m(remove-a-file-in-sub-archive-mac)[m @ [36mAliView[0;1m ---[m
[[1;34mINFO[m] 
[[1;34mINFO[m] [1m--- [0;32mtruezip-maven-plugin:1.2:remove[m [1m(remove-a-file-in-sub-archive-linux)[m @ [36mAliView[0;1m ---[m
[[1;34mINFO[m] 
[[1;34mINFO[m] [1m--- [0;32mtruezip-maven-plugin:1.2:copy[m [1m(add-splash-image-mac-version)[m @ [36mAliView[0;1m ---[m
[[1;34mINFO[m] 
[[1;34mINFO[m] [1m--- [0;32mosxappbundle-maven-plugin:1.0-alpha-2:bundle[m [1m(default)[m @ [36mAliView[0;1m ---[m
[[1;34mINFO[m] Building zip: /home/kim/bin/AliView/target/AliView-1.28-app.zip
[[1;34mINFO[m] [1m------------------------------------------------------------------------[m
[[1;34mINFO[m] [1;32mBUILD SUCCESS[m
[[1;34mINFO[m] [1m------------------------------------------------------------------------[m
[[1;34mINFO[m] Total time:  9.263 s
[[1;34mINFO[m] Finished at: 2022-09-04T11:56:10+03:00
[[1;34mINFO[m] [1m------------------------------------------------------------------------[m
